#
# There is insufficient memory for the Java Runtime Environment to continue.
# Native memory allocation (mmap) failed to map 113246208 bytes for G1 virtual space
# Possible reasons:
#   The system is out of physical RAM or swap space
#   The process is running with CompressedOops enabled, and the Java Heap may be blocking the growth of the native heap
# Possible solutions:
#   Reduce memory load on the system
#   Increase physical memory or swap space
#   Check if swap backing store is full
#   Decrease Java heap size (-Xmx/-Xms)
#   Decrease number of Java threads
#   Decrease Java thread stack sizes (-Xss)
#   Set larger code cache with -XX:ReservedCodeCacheSize=
#   JVM is running with Unscaled Compressed Oops mode in which the Java heap is
#     placed in the first 4GB address space. The Java Heap base address is the
#     maximum limit for the native heap growth. Please use -XX:HeapBaseMinAddress
#     to set the Java Heap base and to place the Java Heap above 4GB virtual address.
# This output file may be truncated or incomplete.
#
#  Out of Memory Error (os_windows.cpp:3466), pid=4960, tid=16036
#
# JRE version: Java(TM) SE Runtime Environment (16.0.2+7) (build 16.0.2+7-67)
# Java VM: Java HotSpot(TM) 64-Bit Server VM (16.0.2+7-67, mixed mode, sharing, tiered, compressed oops, compressed class ptrs, g1 gc, windows-amd64)
# No core dump will be written. Minidumps are not enabled by default on client versions of Windows
#

---------------  S U M M A R Y ------------

Command Line: -javaagent:C:\Program Files\JetBrains\IntelliJ IDEA Community Edition 2021.2.1\lib\idea_rt.jar=64402:C:\Program Files\JetBrains\IntelliJ IDEA Community Edition 2021.2.1\bin -Dfile.encoding=UTF-8 newproject.CheckCity2

Host: AMD Ryzen 5 5500U with Radeon Graphics         , 12 cores, 7G,  Windows 10 , 64 bit Build 19041 (10.0.19041.1348)
Time: Fri Dec 10 18:00:52 2021 India Standard Time elapsed time: 7.323289 seconds (0d 0h 0m 7s)

---------------  T H R E A D  ---------------

Current thread (0x000001d09e5c02a0):  VMThread "VM Thread" [stack: 0x00000013cc200000,0x00000013cc300000] [id=16036]

Stack: [0x00000013cc200000,0x00000013cc300000]
Native frames: (J=compiled Java code, j=interpreted, Vv=VM code, C=native code)
V  [jvm.dll+0x6681ca]
V  [jvm.dll+0x7c9e69]
V  [jvm.dll+0x7cb61e]
V  [jvm.dll+0x7cbc73]
V  [jvm.dll+0x242c55]
V  [jvm.dll+0x664f89]
V  [jvm.dll+0x659b75]
V  [jvm.dll+0x2fbfbb]
V  [jvm.dll+0x3031b6]
V  [jvm.dll+0x35299e]
V  [jvm.dll+0x352bcf]
V  [jvm.dll+0x2d3028]
V  [jvm.dll+0x2d0bb5]
V  [jvm.dll+0x2d01ec]
V  [jvm.dll+0x3152d2]
V  [jvm.dll+0x7d00ab]
V  [jvm.dll+0x7d0da4]
V  [jvm.dll+0x7d12a9]
V  [jvm.dll+0x7d1564]
V  [jvm.dll+0x7d1630]
V  [jvm.dll+0x7795aa]
V  [jvm.dll+0x667066]
C  [ucrtbase.dll+0x21bb2]
C  [KERNEL32.dll+0x17034]
C  [ntdll.dll+0x52651]

VM_Operation (0x00000013cbcfda70): G1CollectForAllocation, mode: safepoint, requested by thread 0x000001d0fdbad610


---------------  P R O C E S S  ---------------

Threads class SMR info:
_java_thread_list=0x000001d0a0544f10, length=20, elements={
0x000001d0fdbad610, 0x000001d09e5ca220, 0x000001d09e5caee0, 0x000001d09e5d83a0,
0x000001d09e5d9db0, 0x000001d09e5da7b0, 0x000001d09e5db1b0, 0x000001d09e5df3e0,
0x000001d09e5e7ee0, 0x000001d09e5fcd10, 0x000001d09f03ab80, 0x000001d09f52be60,
0x000001d09f52c380, 0x000001d09facc510, 0x000001d09fa92cc0, 0x000001d0a00d9690,
0x000001d0a00d9bb0, 0x000001d0a009de20, 0x000001d0a009e370, 0x000001d0a03f4230
}

Java Threads: ( => current thread )
  0x000001d0fdbad610 JavaThread "main" [_thread_blocked, id=13940, stack(0x00000013cbc00000,0x00000013cbd00000)]
  0x000001d09e5ca220 JavaThread "Reference Handler" daemon [_thread_blocked, id=13188, stack(0x00000013cc300000,0x00000013cc400000)]
  0x000001d09e5caee0 JavaThread "Finalizer" daemon [_thread_blocked, id=21004, stack(0x00000013cc400000,0x00000013cc500000)]
  0x000001d09e5d83a0 JavaThread "Signal Dispatcher" daemon [_thread_blocked, id=22380, stack(0x00000013cc500000,0x00000013cc600000)]
  0x000001d09e5d9db0 JavaThread "Attach Listener" daemon [_thread_blocked, id=24144, stack(0x00000013cc600000,0x00000013cc700000)]
  0x000001d09e5da7b0 JavaThread "Service Thread" daemon [_thread_blocked, id=24384, stack(0x00000013cc700000,0x00000013cc800000)]
  0x000001d09e5db1b0 JavaThread "Monitor Deflation Thread" daemon [_thread_blocked, id=23920, stack(0x00000013cc800000,0x00000013cc900000)]
  0x000001d09e5df3e0 JavaThread "C2 CompilerThread0" daemon [_thread_in_native, id=22712, stack(0x00000013cc900000,0x00000013cca00000)]
  0x000001d09e5e7ee0 JavaThread "C1 CompilerThread0" daemon [_thread_blocked, id=24468, stack(0x00000013cca00000,0x00000013ccb00000)]
  0x000001d09e5fcd10 JavaThread "Sweeper thread" daemon [_thread_blocked, id=3108, stack(0x00000013ccb00000,0x00000013ccc00000)]
  0x000001d09f03ab80 JavaThread "Common-Cleaner" daemon [_thread_blocked, id=19352, stack(0x00000013ccc00000,0x00000013ccd00000)]
  0x000001d09f52be60 JavaThread "Monitor Ctrl-Break" daemon [_thread_in_native, id=9960, stack(0x00000013ccd00000,0x00000013cce00000)]
  0x000001d09f52c380 JavaThread "Notification Thread" daemon [_thread_blocked, id=13656, stack(0x00000013cce00000,0x00000013ccf00000)]
  0x000001d09facc510 JavaThread "Exec Default Executor" daemon [_thread_in_native, id=14664, stack(0x00000013cd800000,0x00000013cd900000)]
  0x000001d09fa92cc0 JavaThread "UrlChecker-2" daemon [_thread_blocked, id=18220, stack(0x00000013cd900000,0x00000013cda00000)]
  0x000001d0a00d9690 JavaThread "Exec Stream Pumper" daemon [_thread_in_native, id=19544, stack(0x00000013cdb00000,0x00000013cdc00000)]
  0x000001d0a00d9bb0 JavaThread "Exec Stream Pumper" daemon [_thread_in_native, id=21976, stack(0x00000013cdc00000,0x00000013cdd00000)]
  0x000001d0a009de20 JavaThread "OkHttp ConnectionPool" daemon [_thread_blocked, id=15840, stack(0x00000013cde00000,0x00000013cdf00000)]
  0x000001d0a009e370 JavaThread "Okio Watchdog" daemon [_thread_blocked, id=5560, stack(0x00000013cdf00000,0x00000013ce000000)]
  0x000001d0a03f4230 JavaThread "C2 CompilerThread1" daemon [_thread_blocked, id=24108, stack(0x00000013cdd00000,0x00000013cde00000)]

Other Threads:
=>0x000001d09e5c02a0 VMThread "VM Thread" [stack: 0x00000013cc200000,0x00000013cc300000] [id=16036]
  0x000001d09f530990 WatcherThread [stack: 0x00000013ccf00000,0x00000013cd000000] [id=23656]
  0x000001d0fdbebbb0 GCTaskThread "GC Thread#0" [stack: 0x00000013cbd00000,0x00000013cbe00000] [id=22144]
  0x000001d09fa31c40 GCTaskThread "GC Thread#1" [stack: 0x00000013cd100000,0x00000013cd200000] [id=19812]
  0x000001d09fabb480 GCTaskThread "GC Thread#2" [stack: 0x00000013cd200000,0x00000013cd300000] [id=15780]
  0x000001d09fabb790 GCTaskThread "GC Thread#3" [stack: 0x00000013cd300000,0x00000013cd400000] [id=12048]
  0x000001d09faad850 GCTaskThread "GC Thread#4" [stack: 0x00000013cd400000,0x00000013cd500000] [id=23392]
  0x000001d09faadf70 GCTaskThread "GC Thread#5" [stack: 0x00000013cd500000,0x00000013cd600000] [id=24476]
  0x000001d09faaef10 GCTaskThread "GC Thread#6" [stack: 0x00000013cd600000,0x00000013cd700000] [id=22672]
  0x000001d09faaf220 GCTaskThread "GC Thread#7" [stack: 0x00000013cd700000,0x00000013cd800000] [id=9636]
  0x000001d09f784040 GCTaskThread "GC Thread#8" [stack: 0x00000013ce000000,0x00000013ce100000] [id=10716]
  0x000001d09f075020 GCTaskThread "GC Thread#9" [stack: 0x00000013ce100000,0x00000013ce200000] [id=20784]
  0x000001d0fdbfb730 ConcurrentGCThread "G1 Main Marker" [stack: 0x00000013cbe00000,0x00000013cbf00000] [id=11536]
  0x000001d0fdbfd950 ConcurrentGCThread "G1 Conc#0" [stack: 0x00000013cbf00000,0x00000013cc000000] [id=8032]
  0x000001d0fdc7e380 ConcurrentGCThread "G1 Refine#0" [stack: 0x00000013cc000000,0x00000013cc100000] [id=13876]
  0x000001d09e470080 ConcurrentGCThread "G1 Service" [stack: 0x00000013cc100000,0x00000013cc200000] [id=17604]

Threads with active compile tasks:
C2 CompilerThread0     7403 2609       4       org.apache.xmlbeans.impl.store.Locale$SaxHandler::startElement (421 bytes)
C2 CompilerThread1     7403 2628       4       com.sun.org.apache.xerces.internal.util.AugmentationsImpl$SmallContainer::clear (41 bytes)

VM state: at safepoint (normal execution)

VM Mutex/Monitor currently owned by a thread:  ([mutex/lock_event])
[0x000001d0fdba8180] Threads_lock - owner thread: 0x000001d09e5c02a0
[0x000001d0fdba9530] Heap_lock - owner thread: 0x000001d0fdbad610

Heap address: 0x000000008a600000, size: 1882 MB, Compressed Oops mode: 32-bit

CDS archive(s) mapped at: [0x0000000800000000-0x0000000800bb0000-0x0000000800bb0000), size 12255232, SharedBaseAddress: 0x0000000800000000, ArchiveRelocationMode: 0.
Compressed class space mapped at: 0x0000000800c00000-0x0000000840c00000, reserved size: 1073741824
Narrow klass base: 0x0000000800000000, Narrow klass shift: 3, Narrow klass range: 0x100000000

GC Precious Log:
 CPUs: 12 total, 12 available
 Memory: 7521M
 Large Page Support: Disabled
 NUMA Support: Disabled
 Compressed Oops: Enabled (32-bit)
 Heap Region Size: 1M
 Heap Min Capacity: 8M
 Heap Initial Capacity: 118M
 Heap Max Capacity: 1882M
 Pre-touch: Disabled
 Parallel Workers: 10
 Concurrent Workers: 3
 Concurrent Refinement Workers: 10
 Periodic GC: Disabled

Heap:
 garbage-first heap   total 123904K, used 57309K [0x000000008a600000, 0x0000000100000000)
  region size 1024K, 9 young (9216K), 9 survivors (9216K)
 Metaspace       used 17469K, committed 17728K, reserved 1064960K
  class space    used 2018K, committed 2112K, reserved 1048576K

Heap Regions: E=young(eden), S=young(survivor), O=old, HS=humongous(starts), HC=humongous(continues), CS=collection set, F=free, OA=open archive, CA=closed archive, TAMS=top-at-mark-start (previous, next)
|   0|0x000000008a600000, 0x000000008a700000, 0x000000008a700000|100%|HS|  |TAMS 0x000000008a600000, 0x000000008a600000| Complete 
|   1|0x000000008a700000, 0x000000008a800000, 0x000000008a800000|100%| O|  |TAMS 0x000000008a700000, 0x000000008a700000| Untracked 
|   2|0x000000008a800000, 0x000000008a900000, 0x000000008a900000|100%| O|  |TAMS 0x000000008a800000, 0x000000008a800000| Untracked 
|   3|0x000000008a900000, 0x000000008aa00000, 0x000000008aa00000|100%| O|  |TAMS 0x000000008a900000, 0x000000008a900000| Untracked 
|   4|0x000000008aa00000, 0x000000008ab00000, 0x000000008ab00000|100%| O|  |TAMS 0x000000008aa00000, 0x000000008aa00000| Untracked 
|   5|0x000000008ab00000, 0x000000008ac00000, 0x000000008ac00000|100%| O|  |TAMS 0x000000008ab00000, 0x000000008ab00000| Untracked 
|   6|0x000000008ac00000, 0x000000008ad00000, 0x000000008ad00000|100%| O|  |TAMS 0x000000008ac00000, 0x000000008ac00000| Untracked 
|   7|0x000000008ad00000, 0x000000008ae00000, 0x000000008ae00000|100%| O|  |TAMS 0x000000008ad00000, 0x000000008ad00000| Untracked 
|   8|0x000000008ae00000, 0x000000008af00000, 0x000000008af00000|100%| O|  |TAMS 0x000000008ae00000, 0x000000008ae00000| Untracked 
|   9|0x000000008af00000, 0x000000008b000000, 0x000000008b000000|100%| O|  |TAMS 0x000000008af00000, 0x000000008af00000| Untracked 
|  10|0x000000008b000000, 0x000000008b100000, 0x000000008b100000|100%| O|  |TAMS 0x000000008b000000, 0x000000008b000000| Untracked 
|  11|0x000000008b100000, 0x000000008b200000, 0x000000008b200000|100%|HS|  |TAMS 0x000000008b100000, 0x000000008b100000| Complete 
|  12|0x000000008b200000, 0x000000008b300000, 0x000000008b300000|100%|HC|  |TAMS 0x000000008b200000, 0x000000008b200000| Complete 
|  13|0x000000008b300000, 0x000000008b400000, 0x000000008b400000|100%|HC|  |TAMS 0x000000008b300000, 0x000000008b300000| Complete 
|  14|0x000000008b400000, 0x000000008b500000, 0x000000008b500000|100%|HC|  |TAMS 0x000000008b400000, 0x000000008b400000| Complete 
|  15|0x000000008b500000, 0x000000008b600000, 0x000000008b600000|100%|HS|  |TAMS 0x000000008b500000, 0x000000008b500000| Complete 
|  16|0x000000008b600000, 0x000000008b700000, 0x000000008b700000|100%| O|  |TAMS 0x000000008b600000, 0x000000008b600000| Untracked 
|  17|0x000000008b700000, 0x000000008b800000, 0x000000008b800000|100%| O|  |TAMS 0x000000008b700000, 0x000000008b700000| Untracked 
|  18|0x000000008b800000, 0x000000008b900000, 0x000000008b900000|100%| O|  |TAMS 0x000000008b800000, 0x000000008b800000| Untracked 
|  19|0x000000008b900000, 0x000000008ba00000, 0x000000008ba00000|100%| O|  |TAMS 0x000000008b900000, 0x000000008b900000| Untracked 
|  20|0x000000008ba00000, 0x000000008bb00000, 0x000000008bb00000|100%| O|  |TAMS 0x000000008ba00000, 0x000000008ba00000| Untracked 
|  21|0x000000008bb00000, 0x000000008bc00000, 0x000000008bc00000|100%| O|  |TAMS 0x000000008bb00000, 0x000000008bb00000| Untracked 
|  22|0x000000008bc00000, 0x000000008bd00000, 0x000000008bd00000|100%| O|  |TAMS 0x000000008bc00000, 0x000000008bc00000| Untracked 
|  23|0x000000008bd00000, 0x000000008be00000, 0x000000008be00000|100%| O|  |TAMS 0x000000008bd00000, 0x000000008bd00000| Untracked 
|  24|0x000000008be00000, 0x000000008bf00000, 0x000000008bf00000|100%| O|  |TAMS 0x000000008be00000, 0x000000008be00000| Untracked 
|  25|0x000000008bf00000, 0x000000008c000000, 0x000000008c000000|100%| O|  |TAMS 0x000000008bf00000, 0x000000008bf00000| Untracked 
|  26|0x000000008c000000, 0x000000008c100000, 0x000000008c100000|100%| O|  |TAMS 0x000000008c000000, 0x000000008c000000| Untracked 
|  27|0x000000008c100000, 0x000000008c200000, 0x000000008c200000|100%| O|  |TAMS 0x000000008c100000, 0x000000008c100000| Untracked 
|  28|0x000000008c200000, 0x000000008c300000, 0x000000008c300000|100%| O|  |TAMS 0x000000008c200000, 0x000000008c200000| Untracked 
|  29|0x000000008c300000, 0x000000008c400000, 0x000000008c400000|100%| O|  |TAMS 0x000000008c300000, 0x000000008c300000| Untracked 
|  30|0x000000008c400000, 0x000000008c500000, 0x000000008c500000|100%| O|  |TAMS 0x000000008c400000, 0x000000008c400000| Untracked 
|  31|0x000000008c500000, 0x000000008c600000, 0x000000008c600000|100%| O|  |TAMS 0x000000008c500000, 0x000000008c500000| Untracked 
|  32|0x000000008c600000, 0x000000008c700000, 0x000000008c700000|100%| O|  |TAMS 0x000000008c600000, 0x000000008c600000| Untracked 
|  33|0x000000008c700000, 0x000000008c800000, 0x000000008c800000|100%| O|  |TAMS 0x000000008c700000, 0x000000008c700000| Untracked 
|  34|0x000000008c800000, 0x000000008c900000, 0x000000008c900000|100%| O|  |TAMS 0x000000008c800000, 0x000000008c800000| Untracked 
|  35|0x000000008c900000, 0x000000008ca00000, 0x000000008ca00000|100%| O|  |TAMS 0x000000008c900000, 0x000000008c900000| Untracked 
|  36|0x000000008ca00000, 0x000000008cb00000, 0x000000008cb00000|100%| O|  |TAMS 0x000000008ca00000, 0x000000008ca00000| Untracked 
|  37|0x000000008cb00000, 0x000000008cc00000, 0x000000008cc00000|100%| O|  |TAMS 0x000000008cb00000, 0x000000008cb00000| Untracked 
|  38|0x000000008cc00000, 0x000000008cd00000, 0x000000008cd00000|100%| O|  |TAMS 0x000000008cc00000, 0x000000008cc00000| Untracked 
|  39|0x000000008cd00000, 0x000000008ce00000, 0x000000008ce00000|100%| O|  |TAMS 0x000000008cd00000, 0x000000008cd00000| Untracked 
|  40|0x000000008ce00000, 0x000000008cf00000, 0x000000008cf00000|100%| O|  |TAMS 0x000000008ce00000, 0x000000008ce00000| Untracked 
|  41|0x000000008cf00000, 0x000000008d000000, 0x000000008d000000|100%| O|  |TAMS 0x000000008cf00000, 0x000000008cf00000| Untracked 
|  42|0x000000008d000000, 0x000000008d100000, 0x000000008d100000|100%| O|  |TAMS 0x000000008d000000, 0x000000008d000000| Untracked 
|  43|0x000000008d100000, 0x000000008d200000, 0x000000008d200000|100%| O|  |TAMS 0x000000008d100000, 0x000000008d100000| Untracked 
|  44|0x000000008d200000, 0x000000008d300000, 0x000000008d300000|100%| S|CS|TAMS 0x000000008d200000, 0x000000008d200000| Complete 
|  45|0x000000008d300000, 0x000000008d400000, 0x000000008d400000|100%| S|CS|TAMS 0x000000008d300000, 0x000000008d300000| Complete 
|  46|0x000000008d400000, 0x000000008d500000, 0x000000008d500000|100%| S|CS|TAMS 0x000000008d400000, 0x000000008d400000| Complete 
|  47|0x000000008d500000, 0x000000008d600000, 0x000000008d600000|100%| S|CS|TAMS 0x000000008d500000, 0x000000008d500000| Complete 
|  48|0x000000008d600000, 0x000000008d700000, 0x000000008d700000|100%| S|CS|TAMS 0x000000008d600000, 0x000000008d600000| Complete 
|  49|0x000000008d700000, 0x000000008d800000, 0x000000008d800000|100%| S|CS|TAMS 0x000000008d700000, 0x000000008d700000| Complete 
|  50|0x000000008d800000, 0x000000008d900000, 0x000000008d900000|100%| S|CS|TAMS 0x000000008d800000, 0x000000008d800000| Complete 
|  51|0x000000008d900000, 0x000000008da00000, 0x000000008da00000|100%| S|CS|TAMS 0x000000008d900000, 0x000000008d900000| Complete 
|  52|0x000000008da00000, 0x000000008db00000, 0x000000008db00000|100%| S|CS|TAMS 0x000000008da00000, 0x000000008da00000| Complete 
|  53|0x000000008db00000, 0x000000008db00000, 0x000000008dc00000|  0%| F|  |TAMS 0x000000008db00000, 0x000000008db00000| Untracked 
|  54|0x000000008dc00000, 0x000000008dc00000, 0x000000008dd00000|  0%| F|  |TAMS 0x000000008dc00000, 0x000000008dc00000| Untracked 
|  55|0x000000008dd00000, 0x000000008dd00000, 0x000000008de00000|  0%| F|  |TAMS 0x000000008dd00000, 0x000000008dd00000| Untracked 
|  56|0x000000008de00000, 0x000000008de00000, 0x000000008df00000|  0%| F|  |TAMS 0x000000008de00000, 0x000000008de00000| Untracked 
|  57|0x000000008df00000, 0x000000008df00000, 0x000000008e000000|  0%| F|  |TAMS 0x000000008df00000, 0x000000008df00000| Untracked 
|  58|0x000000008e000000, 0x000000008e000000, 0x000000008e100000|  0%| F|  |TAMS 0x000000008e000000, 0x000000008e000000| Untracked 
|  59|0x000000008e100000, 0x000000008e100000, 0x000000008e200000|  0%| F|  |TAMS 0x000000008e100000, 0x000000008e100000| Untracked 
|  60|0x000000008e200000, 0x000000008e200000, 0x000000008e300000|  0%| F|  |TAMS 0x000000008e200000, 0x000000008e200000| Untracked 
|  61|0x000000008e300000, 0x000000008e300000, 0x000000008e400000|  0%| F|  |TAMS 0x000000008e300000, 0x000000008e300000| Untracked 
|  62|0x000000008e400000, 0x000000008e400000, 0x000000008e500000|  0%| F|  |TAMS 0x000000008e400000, 0x000000008e400000| Untracked 
|  63|0x000000008e500000, 0x000000008e500000, 0x000000008e600000|  0%| F|  |TAMS 0x000000008e500000, 0x000000008e500000| Untracked 
|  64|0x000000008e600000, 0x000000008e600000, 0x000000008e700000|  0%| F|  |TAMS 0x000000008e600000, 0x000000008e600000| Untracked 
|  65|0x000000008e700000, 0x000000008e700000, 0x000000008e800000|  0%| F|  |TAMS 0x000000008e700000, 0x000000008e700000| Untracked 
|  66|0x000000008e800000, 0x000000008e800000, 0x000000008e900000|  0%| F|  |TAMS 0x000000008e800000, 0x000000008e800000| Untracked 
|  67|0x000000008e900000, 0x000000008e900000, 0x000000008ea00000|  0%| F|  |TAMS 0x000000008e900000, 0x000000008e900000| Untracked 
|  68|0x000000008ea00000, 0x000000008ea00000, 0x000000008eb00000|  0%| F|  |TAMS 0x000000008ea00000, 0x000000008ea00000| Untracked 
|  69|0x000000008eb00000, 0x000000008eb00000, 0x000000008ec00000|  0%| F|  |TAMS 0x000000008eb00000, 0x000000008eb00000| Untracked 
|  70|0x000000008ec00000, 0x000000008ec00000, 0x000000008ed00000|  0%| F|  |TAMS 0x000000008ec00000, 0x000000008ec00000| Untracked 
|  71|0x000000008ed00000, 0x000000008ed00000, 0x000000008ee00000|  0%| F|  |TAMS 0x000000008ed00000, 0x000000008ed00000| Untracked 
|  72|0x000000008ee00000, 0x000000008ee00000, 0x000000008ef00000|  0%| F|  |TAMS 0x000000008ee00000, 0x000000008ee00000| Untracked 
|  73|0x000000008ef00000, 0x000000008ef00000, 0x000000008f000000|  0%| F|  |TAMS 0x000000008ef00000, 0x000000008ef00000| Untracked 
|  74|0x000000008f000000, 0x000000008f000000, 0x000000008f100000|  0%| F|  |TAMS 0x000000008f000000, 0x000000008f000000| Untracked 
|  75|0x000000008f100000, 0x000000008f100000, 0x000000008f200000|  0%| F|  |TAMS 0x000000008f100000, 0x000000008f100000| Untracked 
|  76|0x000000008f200000, 0x000000008f200000, 0x000000008f300000|  0%| F|  |TAMS 0x000000008f200000, 0x000000008f200000| Untracked 
|  77|0x000000008f300000, 0x000000008f300000, 0x000000008f400000|  0%| F|  |TAMS 0x000000008f300000, 0x000000008f300000| Untracked 
|  78|0x000000008f400000, 0x000000008f400000, 0x000000008f500000|  0%| F|  |TAMS 0x000000008f400000, 0x000000008f400000| Untracked 
|  79|0x000000008f500000, 0x000000008f500000, 0x000000008f600000|  0%| F|  |TAMS 0x000000008f500000, 0x000000008f500000| Untracked 
|  80|0x000000008f600000, 0x000000008f600000, 0x000000008f700000|  0%| F|  |TAMS 0x000000008f600000, 0x000000008f600000| Untracked 
|  81|0x000000008f700000, 0x000000008f700000, 0x000000008f800000|  0%| F|  |TAMS 0x000000008f700000, 0x000000008f700000| Untracked 
|  82|0x000000008f800000, 0x000000008f800000, 0x000000008f900000|  0%| F|  |TAMS 0x000000008f800000, 0x000000008f800000| Untracked 
|  83|0x000000008f900000, 0x000000008f900000, 0x000000008fa00000|  0%| F|  |TAMS 0x000000008f900000, 0x000000008f900000| Untracked 
|  84|0x000000008fa00000, 0x000000008fa00000, 0x000000008fb00000|  0%| F|  |TAMS 0x000000008fa00000, 0x000000008fa00000| Untracked 
|  85|0x000000008fb00000, 0x000000008fb00000, 0x000000008fc00000|  0%| F|  |TAMS 0x000000008fb00000, 0x000000008fb00000| Untracked 
|  86|0x000000008fc00000, 0x000000008fc00000, 0x000000008fd00000|  0%| F|  |TAMS 0x000000008fc00000, 0x000000008fc00000| Untracked 
|  87|0x000000008fd00000, 0x000000008fd00000, 0x000000008fe00000|  0%| F|  |TAMS 0x000000008fd00000, 0x000000008fd00000| Untracked 
|  88|0x000000008fe00000, 0x000000008fe00000, 0x000000008ff00000|  0%| F|  |TAMS 0x000000008fe00000, 0x000000008fe00000| Untracked 
|  89|0x000000008ff00000, 0x000000008ff00000, 0x0000000090000000|  0%| F|  |TAMS 0x000000008ff00000, 0x000000008ff00000| Untracked 
|  90|0x0000000090000000, 0x0000000090000000, 0x0000000090100000|  0%| F|  |TAMS 0x0000000090000000, 0x0000000090000000| Untracked 
|  91|0x0000000090100000, 0x0000000090100000, 0x0000000090200000|  0%| F|  |TAMS 0x0000000090100000, 0x0000000090100000| Untracked 
|  92|0x0000000090200000, 0x0000000090200000, 0x0000000090300000|  0%| F|  |TAMS 0x0000000090200000, 0x0000000090200000| Untracked 
|  93|0x0000000090300000, 0x0000000090300000, 0x0000000090400000|  0%| F|  |TAMS 0x0000000090300000, 0x0000000090300000| Untracked 
|  94|0x0000000090400000, 0x0000000090400000, 0x0000000090500000|  0%| F|  |TAMS 0x0000000090400000, 0x0000000090400000| Untracked 
|  95|0x0000000090500000, 0x0000000090500000, 0x0000000090600000|  0%| F|  |TAMS 0x0000000090500000, 0x0000000090500000| Untracked 
|  96|0x0000000090600000, 0x0000000090600000, 0x0000000090700000|  0%| F|  |TAMS 0x0000000090600000, 0x0000000090600000| Untracked 
|  97|0x0000000090700000, 0x0000000090700000, 0x0000000090800000|  0%| F|  |TAMS 0x0000000090700000, 0x0000000090700000| Untracked 
|  98|0x0000000090800000, 0x0000000090800000, 0x0000000090900000|  0%| F|  |TAMS 0x0000000090800000, 0x0000000090800000| Untracked 
|  99|0x0000000090900000, 0x0000000090900000, 0x0000000090a00000|  0%| F|  |TAMS 0x0000000090900000, 0x0000000090900000| Untracked 
| 100|0x0000000090a00000, 0x0000000090a00000, 0x0000000090b00000|  0%| F|  |TAMS 0x0000000090a00000, 0x0000000090a00000| Untracked 
| 101|0x0000000090b00000, 0x0000000090b00000, 0x0000000090c00000|  0%| F|  |TAMS 0x0000000090b00000, 0x0000000090b00000| Untracked 
| 102|0x0000000090c00000, 0x0000000090c00000, 0x0000000090d00000|  0%| F|  |TAMS 0x0000000090c00000, 0x0000000090c00000| Untracked 
| 103|0x0000000090d00000, 0x0000000090d00000, 0x0000000090e00000|  0%| F|  |TAMS 0x0000000090d00000, 0x0000000090d00000| Untracked 
| 104|0x0000000090e00000, 0x0000000090e00000, 0x0000000090f00000|  0%| F|  |TAMS 0x0000000090e00000, 0x0000000090e00000| Untracked 
| 105|0x0000000090f00000, 0x0000000090f00000, 0x0000000091000000|  0%| F|  |TAMS 0x0000000090f00000, 0x0000000090f00000| Untracked 
| 106|0x0000000091000000, 0x0000000091000000, 0x0000000091100000|  0%| F|  |TAMS 0x0000000091000000, 0x0000000091000000| Untracked 
| 107|0x0000000091100000, 0x0000000091100000, 0x0000000091200000|  0%| F|  |TAMS 0x0000000091100000, 0x0000000091100000| Untracked 
| 108|0x0000000091200000, 0x0000000091200000, 0x0000000091300000|  0%| F|  |TAMS 0x0000000091200000, 0x0000000091200000| Untracked 
| 109|0x0000000091300000, 0x0000000091300000, 0x0000000091400000|  0%| F|  |TAMS 0x0000000091300000, 0x0000000091300000| Untracked 
| 110|0x0000000091400000, 0x0000000091400000, 0x0000000091500000|  0%| F|  |TAMS 0x0000000091400000, 0x0000000091400000| Untracked 
| 111|0x0000000091500000, 0x0000000091500000, 0x0000000091600000|  0%| F|  |TAMS 0x0000000091500000, 0x0000000091500000| Untracked 
| 112|0x0000000091600000, 0x0000000091600000, 0x0000000091700000|  0%| F|  |TAMS 0x0000000091600000, 0x0000000091600000| Untracked 
| 113|0x0000000091700000, 0x0000000091700000, 0x0000000091800000|  0%| F|  |TAMS 0x0000000091700000, 0x0000000091700000| Untracked 
| 114|0x0000000091800000, 0x0000000091800000, 0x0000000091900000|  0%| F|  |TAMS 0x0000000091800000, 0x0000000091800000| Untracked 
| 115|0x0000000091900000, 0x0000000091900000, 0x0000000091a00000|  0%| F|  |TAMS 0x0000000091900000, 0x0000000091900000| Untracked 
| 116|0x0000000091a00000, 0x0000000091a00000, 0x0000000091b00000|  0%| F|  |TAMS 0x0000000091a00000, 0x0000000091a00000| Untracked 
| 117|0x0000000091b00000, 0x0000000091b00000, 0x0000000091c00000|  0%| F|  |TAMS 0x0000000091b00000, 0x0000000091b00000| Untracked 
|1879|0x00000000ffd00000, 0x00000000ffdf7400, 0x00000000ffe00000| 96%| O|  |TAMS 0x00000000ffd00000, 0x00000000ffd00000| Untracked 
|1880|0x00000000ffe00000, 0x00000000fff00000, 0x00000000fff00000|100%| O|  |TAMS 0x00000000ffe00000, 0x00000000ffe00000| Untracked 
|1881|0x00000000fff00000, 0x0000000100000000, 0x0000000100000000|100%| O|  |TAMS 0x00000000fff00000, 0x00000000fff00000| Untracked 

Card table byte_map: [0x000001d097700000,0x000001d097ab0000] _byte_map_base: 0x000001d0972ad000

Marking Bits (Prev, Next): (CMBitMap*) 0x000001d0fdbec220, (CMBitMap*) 0x000001d0fdbec260
 Prev Bits: [0x000001d097e60000, 0x000001d099bc8000)
 Next Bits: [0x000001d099bd0000, 0x000001d09b938000)

Polling page: 0x000001d080000000

Metaspace:

Usage:
  Non-class:     15.09 MB used.
      Class:      1.97 MB used.
       Both:     17.06 MB used.

Virtual space:
  Non-class space:       16.00 MB reserved,      15.25 MB ( 95%) committed,  2 nodes.
      Class space:        1.00 GB reserved,       2.06 MB ( <1%) committed,  1 nodes.
              Both:        1.02 GB reserved,      17.31 MB (  2%) committed. 

Chunk freelists:
   Non-Class:  608.00 KB
       Class:  1.94 MB
        Both:  2.54 MB

MaxMetaspaceSize: 17179869184.00 GB
CompressedClassSpaceSize: 1.00 GB
 - commit_granule_bytes: 65536.
 - commit_granule_words: 8192.
 - virtual_space_node_default_size: 1048576.
 - enlarge_chunks_in_place: 1.
 - new_chunks_are_fully_committed: 0.
 - uncommit_free_chunks: 1.
 - use_allocation_guard: 0.
 - handle_deallocations: 1.


Internal statistics:

num_allocs_failed_limit: 0.
num_arena_births: 148.
num_arena_deaths: 0.
num_vsnodes_births: 3.
num_vsnodes_deaths: 0.
num_space_committed: 277.
num_space_uncommitted: 0.
num_chunks_returned_to_freelist: 0.
num_chunks_taken_from_freelist: 562.
num_chunk_merges: 0.
num_chunk_splits: 389.
num_chunks_enlarged: 311.
num_purges: 0.

CodeHeap 'non-profiled nmethods': size=120000Kb used=1269Kb max_used=1269Kb free=118730Kb
 bounds [0x000001d08f190000, 0x000001d08f400000, 0x000001d0966c0000]
CodeHeap 'profiled nmethods': size=120000Kb used=5310Kb max_used=5310Kb free=114689Kb
 bounds [0x000001d087c60000, 0x000001d088190000, 0x000001d08f190000]
CodeHeap 'non-nmethods': size=5760Kb used=1234Kb max_used=1286Kb free=4525Kb
 bounds [0x000001d0876c0000, 0x000001d087930000, 0x000001d087c60000]
 total_blobs=3084 nmethods=2547 adapters=449
 compilation: enabled
              stopped_count=0, restarted_count=0
 full_count=0

Compilation events (20 events):
Event: 7.106 Thread 0x000001d09e5df3e0 nmethod 2615 0x000001d08f2bb310 code [0x000001d08f2bb800, 0x000001d08f2bebb0]
Event: 7.107 Thread 0x000001d09e5df3e0 2643       4       com.sun.org.apache.xerces.internal.util.XMLAttributesImpl::checkDuplicatesNS (110 bytes)
Event: 7.110 Thread 0x000001d09e5df3e0 nmethod 2643 0x000001d08f2c0d90 code [0x000001d08f2c0f20, 0x000001d08f2c1158]
Event: 7.110 Thread 0x000001d09e5df3e0 2625       4       com.sun.org.apache.xerces.internal.impl.XMLEntityScanner::scanLiteral (755 bytes)
Event: 7.128 Thread 0x000001d09e5df3e0 nmethod 2625 0x000001d08f2c1390 code [0x000001d08f2c1580, 0x000001d08f2c1cd0]
Event: 7.128 Thread 0x000001d09e5df3e0 2607   !   4       com.sun.org.apache.xerces.internal.parsers.AbstractSAXParser::startElement (318 bytes)
Event: 7.149 Thread 0x000001d09e5df3e0 nmethod 2607 0x000001d08f2c2310 code [0x000001d08f2c2540, 0x000001d08f2c3480]
Event: 7.149 Thread 0x000001d09e5df3e0 2609       4       org.apache.xmlbeans.impl.store.Locale$SaxHandler::startElement (421 bytes)
Event: 7.192 Thread 0x000001d0a03f4230 nmethod 2640 0x000001d08f2c3d10 code [0x000001d08f2c4160, 0x000001d08f2c7300]
Event: 7.193 Thread 0x000001d0a03f4230 2633       4       com.sun.org.apache.xerces.internal.util.XMLAttributesImpl::addAttributeNS (169 bytes)
Event: 7.234 Thread 0x000001d0a03f4230 nmethod 2633 0x000001d08f2c9310 code [0x000001d08f2c9500, 0x000001d08f2caaf8]
Event: 7.234 Thread 0x000001d0a03f4230 2530       4       java.util.ArrayList::clear (43 bytes)
Event: 7.234 Thread 0x000001d0a03f4230 nmethod 2530 0x000001d08f2cb010 code [0x000001d08f2cb1a0, 0x000001d08f2cb238]
Event: 7.234 Thread 0x000001d0a03f4230 2608       4       com.sun.org.apache.xerces.internal.parsers.AbstractSAXParser::startNamespaceMapping (77 bytes)
Event: 7.238 Thread 0x000001d0a03f4230 nmethod 2608 0x000001d08f2cb310 code [0x000001d08f2cb4e0, 0x000001d08f2cb7a8]
Event: 7.238 Thread 0x000001d0a03f4230 2644       4       com.sun.org.apache.xerces.internal.parsers.AbstractSAXParser::endNamespaceMapping (47 bytes)
Event: 7.240 Thread 0x000001d0a03f4230 nmethod 2644 0x000001d08f2cba90 code [0x000001d08f2cbc40, 0x000001d08f2cbe08]
Event: 7.240 Thread 0x000001d0a03f4230 2649 %     4       com.sun.org.apache.xerces.internal.impl.XMLDocumentFragmentScannerImpl::scanDocument @ 13 (346 bytes)
Event: 7.265 Thread 0x000001d0a03f4230 nmethod 2649% 0x000001d08f2cc010 code [0x000001d08f2cc240, 0x000001d08f2cce20]
Event: 7.265 Thread 0x000001d0a03f4230 2628       4       com.sun.org.apache.xerces.internal.util.AugmentationsImpl$SmallContainer::clear (41 bytes)

GC Heap History (13 events):
Event: 0.967 GC heap before
{Heap before GC invocations=0 (full 0):
 garbage-first heap   total 120832K, used 24576K [0x000000008a600000, 0x0000000100000000)
  region size 1024K, 23 young (23552K), 0 survivors (0K)
 Metaspace       used 5347K, committed 5504K, reserved 1056768K
  class space    used 562K, committed 640K, reserved 1048576K
}
Event: 0.976 GC heap after
{Heap after GC invocations=1 (full 0):
 garbage-first heap   total 120832K, used 8208K [0x000000008a600000, 0x0000000100000000)
  region size 1024K, 3 young (3072K), 3 survivors (3072K)
 Metaspace       used 5347K, committed 5504K, reserved 1056768K
  class space    used 562K, committed 640K, reserved 1048576K
}
Event: 5.904 GC heap before
{Heap before GC invocations=1 (full 0):
 garbage-first heap   total 120832K, used 44048K [0x000000008a600000, 0x0000000100000000)
  region size 1024K, 28 young (28672K), 3 survivors (3072K)
 Metaspace       used 13746K, committed 13952K, reserved 1064960K
  class space    used 1575K, committed 1664K, reserved 1048576K
}
Event: 5.915 GC heap after
{Heap after GC invocations=2 (full 0):
 garbage-first heap   total 120832K, used 15940K [0x000000008a600000, 0x0000000100000000)
  region size 1024K, 3 young (3072K), 3 survivors (3072K)
 Metaspace       used 13746K, committed 13952K, reserved 1064960K
  class space    used 1575K, committed 1664K, reserved 1048576K
}
Event: 6.621 GC heap before
{Heap before GC invocations=2 (full 0):
 garbage-first heap   total 120832K, used 83524K [0x000000008a600000, 0x0000000100000000)
  region size 1024K, 69 young (70656K), 3 survivors (3072K)
 Metaspace       used 17336K, committed 17536K, reserved 1064960K
  class space    used 1994K, committed 2112K, reserved 1048576K
}
Event: 6.639 GC heap after
{Heap after GC invocations=3 (full 0):
 garbage-first heap   total 120832K, used 23757K [0x000000008a600000, 0x0000000100000000)
  region size 1024K, 9 young (9216K), 9 survivors (9216K)
 Metaspace       used 17336K, committed 17536K, reserved 1064960K
  class space    used 1994K, committed 2112K, reserved 1048576K
}
Event: 6.712 GC heap before
{Heap before GC invocations=3 (full 0):
 garbage-first heap   total 120832K, used 78029K [0x000000008a600000, 0x0000000100000000)
  region size 1024K, 62 young (63488K), 9 survivors (9216K)
 Metaspace       used 17341K, committed 17536K, reserved 1064960K
  class space    used 1994K, committed 2112K, reserved 1048576K
}
Event: 6.729 GC heap after
{Heap after GC invocations=4 (full 0):
 garbage-first heap   total 120832K, used 25350K [0x000000008a600000, 0x0000000100000000)
  region size 1024K, 2 young (2048K), 2 survivors (2048K)
 Metaspace       used 17341K, committed 17536K, reserved 1064960K
  class space    used 1994K, committed 2112K, reserved 1048576K
}
Event: 6.808 GC heap before
{Heap before GC invocations=4 (full 0):
 garbage-first heap   total 120832K, used 81670K [0x000000008a600000, 0x0000000100000000)
  region size 1024K, 57 young (58368K), 2 survivors (2048K)
 Metaspace       used 17341K, committed 17536K, reserved 1064960K
  class space    used 1994K, committed 2112K, reserved 1048576K
}
Event: 6.812 GC heap after
{Heap after GC invocations=5 (full 0):
 garbage-first heap   total 120832K, used 25304K [0x000000008a600000, 0x0000000100000000)
  region size 1024K, 2 young (2048K), 2 survivors (2048K)
 Metaspace       used 17341K, committed 17536K, reserved 1064960K
  class space    used 1994K, committed 2112K, reserved 1048576K
}
Event: 6.876 GC heap before
{Heap before GC invocations=5 (full 0):
 garbage-first heap   total 120832K, used 85720K [0x000000008a600000, 0x0000000100000000)
  region size 1024K, 61 young (62464K), 2 survivors (2048K)
 Metaspace       used 17341K, committed 17536K, reserved 1064960K
  class space    used 1994K, committed 2112K, reserved 1048576K
}
Event: 6.880 GC heap after
{Heap after GC invocations=6 (full 0):
 garbage-first heap   total 120832K, used 25862K [0x000000008a600000, 0x0000000100000000)
  region size 1024K, 2 young (2048K), 2 survivors (2048K)
 Metaspace       used 17341K, committed 17536K, reserved 1064960K
  class space    used 1994K, committed 2112K, reserved 1048576K
}
Event: 7.267 GC heap before
{Heap before GC invocations=6 (full 0):
 garbage-first heap   total 120832K, used 90374K [0x000000008a600000, 0x0000000100000000)
  region size 1024K, 65 young (66560K), 2 survivors (2048K)
 Metaspace       used 17469K, committed 17728K, reserved 1064960K
  class space    used 2018K, committed 2112K, reserved 1048576K
}

Deoptimization events (20 events):
Event: 6.908 Thread 0x000001d0fdbad610 Uncommon trap: trap_request=0xffffff45 fr.pc=0x000001d08f288d4c relative=0x000000000000012c
Event: 6.908 Thread 0x000001d0fdbad610 Uncommon trap: reason=unstable_if action=reinterpret pc=0x000001d08f288d4c method=org.apache.xmlbeans.impl.store.Cur$Locations.insert(III[I[I)I @ 36 c2
Event: 6.908 Thread 0x000001d0fdbad610 DEOPT PACKING pc=0x000001d08f288d4c sp=0x00000013cbcfe8e0
Event: 6.908 Thread 0x000001d0fdbad610 DEOPT UNPACKING pc=0x000001d08770d72e sp=0x00000013cbcfe808 mode 2
Event: 6.908 Thread 0x000001d0fdbad610 Uncommon trap: trap_request=0xffffff45 fr.pc=0x000001d08f283c30 relative=0x0000000000000370
Event: 6.908 Thread 0x000001d0fdbad610 Uncommon trap: reason=unstable_if action=reinterpret pc=0x000001d08f283c30 method=org.apache.xmlbeans.impl.store.Cur$Locations.remove(II[I[I)I @ 33 c2
Event: 6.908 Thread 0x000001d0fdbad610 DEOPT PACKING pc=0x000001d08f283c30 sp=0x00000013cbcfe8c0
Event: 6.908 Thread 0x000001d0fdbad610 DEOPT UNPACKING pc=0x000001d08770d72e sp=0x00000013cbcfe810 mode 2
Event: 6.922 Thread 0x000001d0fdbad610 Uncommon trap: trap_request=0xffffffcc fr.pc=0x000001d08f28fe90 relative=0x00000000000001f0
Event: 6.922 Thread 0x000001d0fdbad610 Uncommon trap: reason=intrinsic_or_type_checked_inlining action=make_not_entrant pc=0x000001d08f28fe90 method=java.util.Arrays.copyOf([Ljava/lang/Object;ILjava/lang/Class;)[Ljava/lang/Object; @ 35 c2
Event: 6.922 Thread 0x000001d0fdbad610 DEOPT PACKING pc=0x000001d08f28fe90 sp=0x00000013cbcfeba0
Event: 6.922 Thread 0x000001d0fdbad610 DEOPT UNPACKING pc=0x000001d08770d72e sp=0x00000013cbcfeb30 mode 2
Event: 6.929 Thread 0x000001d0fdbad610 Uncommon trap: trap_request=0xffffff45 fr.pc=0x000001d08f27235c relative=0x0000000000000d7c
Event: 6.929 Thread 0x000001d0fdbad610 Uncommon trap: reason=unstable_if action=reinterpret pc=0x000001d08f27235c method=org.apache.xmlbeans.QNameCache.equals(Ljavax/xml/namespace/QName;Ljava/lang/String;Ljava/lang/String;Ljava/lang/String;)Z @ 19 c2
Event: 6.929 Thread 0x000001d0fdbad610 DEOPT PACKING pc=0x000001d08f27235c sp=0x00000013cbcfe1c0
Event: 6.929 Thread 0x000001d0fdbad610 DEOPT UNPACKING pc=0x000001d08770d72e sp=0x00000013cbcfe118 mode 2
Event: 6.929 Thread 0x000001d0fdbad610 Uncommon trap: trap_request=0xffffff45 fr.pc=0x000001d08f27d548 relative=0x00000000000003a8
Event: 6.929 Thread 0x000001d0fdbad610 Uncommon trap: reason=unstable_if action=reinterpret pc=0x000001d08f27d548 method=org.apache.xmlbeans.QNameCache.equals(Ljavax/xml/namespace/QName;Ljava/lang/String;Ljava/lang/String;Ljava/lang/String;)Z @ 19 c2
Event: 6.929 Thread 0x000001d0fdbad610 DEOPT PACKING pc=0x000001d08f27d548 sp=0x00000013cbcfe140
Event: 6.929 Thread 0x000001d0fdbad610 DEOPT UNPACKING pc=0x000001d08770d72e sp=0x00000013cbcfe100 mode 2

Classes unloaded (0 events):
No events

Classes redefined (0 events):
No events

Internal exceptions (20 events):
Event: 1.545 Thread 0x000001d0fdbad610 Exception <a 'java/lang/NoSuchMethodError'{0x000000009168bd80}: 'java.lang.Object java.lang.invoke.DirectMethodHandle$Holder.invokeVirtual(java.lang.Object, java.lang.Object, java.lang.Object)'> (0x000000009168bd80) 
thrown [t:\workspace\open\src\hotspot\share\interpreter\linkResolver.cpp, line 790]
Event: 1.559 Thread 0x000001d0fdbad610 Exception <a 'java/lang/NoSuchMethodError'{0x00000000916fe000}: 'void java.lang.invoke.DirectMethodHandle$Holder.invokeInterface(java.lang.Object, java.lang.Object, java.lang.Object)'> (0x00000000916fe000) 
thrown [t:\workspace\open\src\hotspot\share\interpreter\linkResolver.cpp, line 790]
Event: 1.575 Thread 0x000001d0fdbad610 Exception <a 'java/lang/NoSuchMethodError'{0x0000000091558468}: 'int java.lang.invoke.DirectMethodHandle$Holder.invokeVirtual(java.lang.Object, java.lang.Object)'> (0x0000000091558468) 
thrown [t:\workspace\open\src\hotspot\share\interpreter\linkResolver.cpp, line 790]
Event: 1.576 Thread 0x000001d0fdbad610 Exception <a 'java/lang/NoSuchMethodError'{0x000000009155e8c0}: 'double java.lang.invoke.DirectMethodHandle$Holder.invokeVirtual(java.lang.Object, java.lang.Object)'> (0x000000009155e8c0) 
thrown [t:\workspace\open\src\hotspot\share\interpreter\linkResolver.cpp, line 790]
Event: 1.577 Thread 0x000001d0fdbad610 Exception <a 'java/lang/NoSuchMethodError'{0x00000000915652a8}: 'float java.lang.invoke.DirectMethodHandle$Holder.invokeVirtual(java.lang.Object, java.lang.Object)'> (0x00000000915652a8) 
thrown [t:\workspace\open\src\hotspot\share\interpreter\linkResolver.cpp, line 790]
Event: 1.578 Thread 0x000001d0fdbad610 Exception <a 'java/lang/NoSuchMethodError'{0x000000009156e4a0}: 'long java.lang.invoke.DirectMethodHandle$Holder.invokeVirtual(java.lang.Object, java.lang.Object)'> (0x000000009156e4a0) 
thrown [t:\workspace\open\src\hotspot\share\interpreter\linkResolver.cpp, line 790]
Event: 1.585 Thread 0x000001d0fdbad610 Exception <a 'java/lang/NoSuchMethodError'{0x0000000091595f08}: 'void java.lang.invoke.DirectMethodHandle$Holder.invokeStatic(java.lang.Object, java.lang.Object, java.lang.Object)'> (0x0000000091595f08) 
thrown [t:\workspace\open\src\hotspot\share\interpreter\linkResolver.cpp, line 790]
Event: 1.631 Thread 0x000001d0fdbad610 Exception <a 'java/lang/NoSuchMethodError'{0x00000000914be6a8}: 'void java.lang.invoke.DirectMethodHandle$Holder.invokeSpecial(java.lang.Object, java.lang.Object, java.lang.Object, java.lang.Object, java.lang.Object)'> (0x00000000914be6a8) 
thrown [t:\workspace\open\src\hotspot\share\interpreter\linkResolver.cpp, line 790]
Event: 1.662 Thread 0x000001d0fdbad610 Exception <a 'java/lang/NoSuchMethodError'{0x0000000091380a08}: 'java.lang.Object java.lang.invoke.DirectMethodHandle$Holder.newInvokeSpecial(java.lang.Object, java.lang.Object, java.lang.Object, java.lang.Object, java.lang.Object)'> (0x0000000091380a08) 
thrown [t:\workspace\open\src\hotspot\share\interpreter\linkResolver.cpp, line 790]
Event: 1.704 Thread 0x000001d0fdbad610 Exception <a 'java/lang/NoSuchMethodError'{0x00000000912920b0}: 'java.lang.Object java.lang.invoke.Invokers$Holder.invokeExact_MT(java.lang.Object, java.lang.Object, java.lang.Object, java.lang.Object, java.lang.Object, java.lang.Object)'> (0x00000000912920b0) 
thrown [t:\workspace\open\src\hotspot\share\interpreter\linkResolver.cpp, line 790]
Event: 1.831 Thread 0x000001d0fdbad610 Exception <a 'java/lang/NoSuchMethodError'{0x0000000090e2c088}: 'void java.lang.invoke.DirectMethodHandle$Holder.invokeStatic(java.lang.Object, java.lang.Object, java.lang.Object, java.lang.Object)'> (0x0000000090e2c088) 
thrown [t:\workspace\open\src\hotspot\share\interpreter\linkResolver.cpp, line 790]
Event: 3.308 Thread 0x000001d0fdbad610 Exception <a 'java/lang/NoSuchMethodError'{0x0000000090dc7e68}: 'java.lang.Object java.lang.invoke.DirectMethodHandle$Holder.invokeSpecialIFC(java.lang.Object, java.lang.Object, java.lang.Object)'> (0x0000000090dc7e68) 
thrown [t:\workspace\open\src\hotspot\share\interpreter\linkResolver.cpp, line 790]
Event: 3.364 Thread 0x000001d0fdbad610 Exception <a 'java/lang/ClassNotFoundException'{0x0000000090c86390}: sun/util/logging/resources/spi/loggingProvider> (0x0000000090c86390) 
thrown [t:\workspace\open\src\hotspot\share\classfile\systemDictionary.cpp, line 256]
Event: 5.679 Thread 0x000001d0fdbad610 Exception <a 'java/lang/NoSuchMethodError'{0x00000000907b7160}: 'int java.lang.invoke.DirectMethodHandle$Holder.invokeStaticInit(java.lang.Object, java.lang.Object, java.lang.Object)'> (0x00000000907b7160) 
thrown [t:\workspace\open\src\hotspot\share\interpreter\linkResolver.cpp, line 790]
Event: 5.698 Thread 0x000001d0fdbad610 Exception <a 'java/lang/NoSuchMethodError'{0x000000009061b0f8}: 'void java.lang.invoke.DirectMethodHandle$Holder.invokeVirtual(java.lang.Object, java.lang.Object, java.lang.Object, java.lang.Object)'> (0x000000009061b0f8) 
thrown [t:\workspace\open\src\hotspot\share\interpreter\linkResolver.cpp, line 790]
Event: 5.741 Thread 0x000001d0fdbad610 Exception <a 'java/lang/NoSuchMethodError'{0x0000000090666018}: 'void java.lang.invoke.DirectMethodHandle$Holder.invokeStatic(java.lang.Object, java.lang.Object, java.lang.Object, int)'> (0x0000000090666018) 
thrown [t:\workspace\open\src\hotspot\share\interpreter\linkResolver.cpp, line 790]
Event: 5.741 Thread 0x000001d0fdbad610 Exception <a 'java/lang/NoSuchMethodError'{0x00000000906696b8}: 'void java.lang.invoke.DirectMethodHandle$Holder.invokeStaticInit(java.lang.Object, java.lang.Object, java.lang.Object, int)'> (0x00000000906696b8) 
thrown [t:\workspace\open\src\hotspot\share\interpreter\linkResolver.cpp, line 790]
Event: 6.008 Thread 0x000001d0fdbad610 Implicit null exception at 0x000001d08f1decd8 to 0x000001d08f1ded6e
Event: 6.093 Thread 0x000001d0fdbad610 Exception <a 'java/lang/NoSuchMethodError'{0x0000000091531290}: 'void java.lang.invoke.DirectMethodHandle$Holder.invokeVirtual(java.lang.Object, java.lang.Object)'> (0x0000000091531290) 
thrown [t:\workspace\open\src\hotspot\share\interpreter\linkResolver.cpp, line 790]
Event: 6.907 Thread 0x000001d0fdbad610 Implicit null exception at 0x000001d08f28d452 to 0x000001d08f28dafd

Events (20 events):
Event: 6.219 loading class org/xml/sax/ext/Locator2 done
Event: 6.219 loading class com/sun/org/apache/xerces/internal/parsers/AbstractSAXParser$LocatorProxy done
Event: 6.292 loading class jdk/internal/access/foreign/MemorySegmentProxy
Event: 6.293 loading class jdk/internal/access/foreign/MemorySegmentProxy done
Event: 6.461 Executing  VM operation: HandshakeAllThreads
Event: 6.461 Executing  VM operation: HandshakeAllThreads done
Event: 6.468 loading class java/util/ConcurrentModificationException
Event: 6.469 loading class java/util/ConcurrentModificationException done
Event: 6.511 Thread 0x000001d09f510f90 Thread exited: 0x000001d09f510f90
Event: 6.555 Executing  VM operation: ICBufferFull
Event: 6.555 Executing  VM operation: ICBufferFull done
Event: 6.621 Executing  VM operation: G1CollectForAllocation
Event: 6.639 Executing  VM operation: G1CollectForAllocation done
Event: 6.712 Executing  VM operation: G1CollectForAllocation
Event: 6.729 Executing  VM operation: G1CollectForAllocation done
Event: 6.808 Executing  VM operation: G1CollectForAllocation
Event: 6.812 Executing  VM operation: G1CollectForAllocation done
Event: 6.876 Executing  VM operation: G1CollectForAllocation
Event: 6.880 Executing  VM operation: G1CollectForAllocation done
Event: 7.267 Executing  VM operation: G1CollectForAllocation


Dynamic libraries:
0x00007ff613de0000 - 0x00007ff613df0000 	C:\Program Files\Java\jdk-16.0.2\bin\java.exe
0x00007ffcbd0d0000 - 0x00007ffcbd2c5000 	C:\windows\SYSTEM32\ntdll.dll
0x00007ffcbb120000 - 0x00007ffcbb1de000 	C:\windows\System32\KERNEL32.dll
0x00007ffcba460000 - 0x00007ffcba587000 	C:\Windows\system32\hmpalert.dll
0x00007ffcba9a0000 - 0x00007ffcbac68000 	C:\windows\System32\KERNELBASE.dll
0x00007ffcba8a0000 - 0x00007ffcba9a0000 	C:\windows\System32\ucrtbase.dll
0x00007ffcb1da0000 - 0x00007ffcb1db9000 	C:\Program Files\Java\jdk-16.0.2\bin\VCRUNTIME140.dll
0x00007ffcb1d40000 - 0x00007ffcb1d58000 	C:\Program Files\Java\jdk-16.0.2\bin\jli.dll
0x00007ffcbcc20000 - 0x00007ffcbcccc000 	C:\windows\System32\ADVAPI32.dll
0x00007ffcbb760000 - 0x00007ffcbb7fe000 	C:\windows\System32\msvcrt.dll
0x00007ffcbccd0000 - 0x00007ffcbcd6b000 	C:\windows\System32\sechost.dll
0x00007ffcbc290000 - 0x00007ffcbc3ba000 	C:\windows\System32\RPCRT4.dll
0x00007ffcbca70000 - 0x00007ffcbcc11000 	C:\windows\System32\USER32.dll
0x00007ffcbb0c0000 - 0x00007ffcbb0e2000 	C:\windows\System32\win32u.dll
0x00007ffcbc8d0000 - 0x00007ffcbc8fb000 	C:\windows\System32\GDI32.dll
0x00007ffcbafb0000 - 0x00007ffcbb0bb000 	C:\windows\System32\gdi32full.dll
0x00007ffcbadd0000 - 0x00007ffcbae6d000 	C:\windows\System32\msvcp_win.dll
0x00007ffca2e30000 - 0x00007ffca30ca000 	C:\windows\WinSxS\amd64_microsoft.windows.common-controls_6595b64144ccf1df_6.0.19041.1110_none_60b5254171f9507e\COMCTL32.dll
0x00007ffcb3420000 - 0x00007ffcb342a000 	C:\windows\SYSTEM32\VERSION.dll
0x00007ffcbcf80000 - 0x00007ffcbcfb0000 	C:\windows\System32\IMM32.DLL
0x00007ffcb5a70000 - 0x00007ffcb5a7c000 	C:\Program Files\Java\jdk-16.0.2\bin\vcruntime140_1.dll
0x00007ffca6510000 - 0x00007ffca65a1000 	C:\Program Files\Java\jdk-16.0.2\bin\msvcp140.dll
0x00007ffc81210000 - 0x00007ffc81dbb000 	C:\Program Files\Java\jdk-16.0.2\bin\server\jvm.dll
0x00007ffcbb750000 - 0x00007ffcbb758000 	C:\windows\System32\PSAPI.DLL
0x00007ffcb1720000 - 0x00007ffcb1747000 	C:\windows\SYSTEM32\WINMM.dll
0x00007ffc95d80000 - 0x00007ffc95d89000 	C:\windows\SYSTEM32\WSOCK32.dll
0x00007ffcbc1e0000 - 0x00007ffcbc24b000 	C:\windows\System32\WS2_32.dll
0x00007ffcb85a0000 - 0x00007ffcb85b2000 	C:\windows\SYSTEM32\kernel.appcore.dll
0x00007ffcb4380000 - 0x00007ffcb438a000 	C:\Program Files\Java\jdk-16.0.2\bin\jimage.dll
0x00007ffca7aa0000 - 0x00007ffca7c84000 	C:\windows\SYSTEM32\DBGHELP.DLL
0x00007ffc9fc70000 - 0x00007ffc9fc9c000 	C:\windows\SYSTEM32\dbgcore.DLL
0x00007ffcbaf20000 - 0x00007ffcbafa3000 	C:\windows\System32\bcryptPrimitives.dll
0x00007ffcb3d50000 - 0x00007ffcb3d5e000 	C:\Program Files\Java\jdk-16.0.2\bin\instrument.dll
0x00007ffcb12e0000 - 0x00007ffcb1305000 	C:\Program Files\Java\jdk-16.0.2\bin\java.dll
0x00007ffcbb800000 - 0x00007ffcbbf3f000 	C:\windows\System32\SHELL32.dll
0x00007ffcb87c0000 - 0x00007ffcb8f50000 	C:\windows\SYSTEM32\windows.storage.dll
0x00007ffcbc570000 - 0x00007ffcbc8c5000 	C:\windows\System32\combase.dll
0x00007ffcba0c0000 - 0x00007ffcba0ee000 	C:\windows\SYSTEM32\Wldp.dll
0x00007ffcbc060000 - 0x00007ffcbc10d000 	C:\windows\System32\SHCORE.dll
0x00007ffcbc960000 - 0x00007ffcbc9b5000 	C:\windows\System32\shlwapi.dll
0x00007ffcba730000 - 0x00007ffcba74f000 	C:\windows\SYSTEM32\profapi.dll
0x00007ffca6dd0000 - 0x00007ffca6de8000 	C:\Program Files\Java\jdk-16.0.2\bin\zip.dll
0x00007ffcb13a0000 - 0x00007ffcb13b9000 	C:\Program Files\Java\jdk-16.0.2\bin\net.dll
0x00007ffcb4c50000 - 0x00007ffcb4d5c000 	C:\windows\SYSTEM32\WINHTTP.dll
0x00007ffcb9e00000 - 0x00007ffcb9e6a000 	C:\windows\system32\mswsock.dll
0x00007ffca6e90000 - 0x00007ffca6ea3000 	C:\Program Files\Java\jdk-16.0.2\bin\nio.dll
0x00007ffca6d00000 - 0x00007ffca6d1a000 	C:\Program Files\JetBrains\IntelliJ IDEA Community Edition 2021.2.1\bin\breakgen64.dll
0x00007ffcb9b40000 - 0x00007ffcb9c0b000 	C:\windows\SYSTEM32\DNSAPI.dll
0x00007ffcb9af0000 - 0x00007ffcb9b2b000 	C:\windows\SYSTEM32\IPHLPAPI.DLL
0x00007ffcbc250000 - 0x00007ffcbc258000 	C:\windows\System32\NSI.dll
0x00007ffcaeb70000 - 0x00007ffcaeb7a000 	C:\Windows\System32\rasadhlp.dll
0x00007ffcb0aa0000 - 0x00007ffcb0b1f000 	C:\windows\System32\fwpuclnt.dll
0x00007ffcbb0f0000 - 0x00007ffcbb117000 	C:\windows\System32\bcrypt.dll
0x00007ffcb1020000 - 0x00007ffcb102e000 	C:\Program Files\Java\jdk-16.0.2\bin\sunmscapi.dll
0x00007ffcbac70000 - 0x00007ffcbadc6000 	C:\windows\System32\CRYPT32.dll
0x00007ffcba180000 - 0x00007ffcba1a7000 	C:\windows\SYSTEM32\ncrypt.dll
0x00007ffcba140000 - 0x00007ffcba17b000 	C:\windows\SYSTEM32\NTASN1.dll
0x00007ffcb9ff0000 - 0x00007ffcba008000 	C:\windows\SYSTEM32\CRYPTSP.dll
0x00007ffcb9710000 - 0x00007ffcb9744000 	C:\windows\system32\rsaenh.dll
0x00007ffcba6b0000 - 0x00007ffcba6de000 	C:\windows\SYSTEM32\USERENV.dll
0x00007ffcba010000 - 0x00007ffcba01c000 	C:\windows\SYSTEM32\CRYPTBASE.dll
0x00007ffcae4f0000 - 0x00007ffcae507000 	C:\windows\SYSTEM32\dhcpcsvc6.DLL
0x00007ffcaec10000 - 0x00007ffcaec2d000 	C:\windows\SYSTEM32\dhcpcsvc.DLL
0x00007ffcb1d90000 - 0x00007ffcb1da0000 	C:\Program Files\Java\jdk-16.0.2\bin\verify.dll

dbghelp: loaded successfully - version: 4.0.5 - missing functions: none
symbol engine: initialized successfully - sym options: 0x614 - pdb path: .;C:\Program Files\Java\jdk-16.0.2\bin;C:\windows\SYSTEM32;C:\windows\WinSxS\amd64_microsoft.windows.common-controls_6595b64144ccf1df_6.0.19041.1110_none_60b5254171f9507e;C:\Program Files\Java\jdk-16.0.2\bin\server;C:\Program Files\JetBrains\IntelliJ IDEA Community Edition 2021.2.1\bin

VM Arguments:
jvm_args: -javaagent:C:\Program Files\JetBrains\IntelliJ IDEA Community Edition 2021.2.1\lib\idea_rt.jar=64402:C:\Program Files\JetBrains\IntelliJ IDEA Community Edition 2021.2.1\bin -Dfile.encoding=UTF-8 
java_command: newproject.CheckCity2
java_class_path (initial): C:\Users\Prefme_Matrix\IdeaProjects\untitled\target\classes;C:\Users\Prefme_Matrix\.m2\repository\org\seleniumhq\selenium\selenium-java\3.141.59\selenium-java-3.141.59.jar;C:\Users\Prefme_Matrix\.m2\repository\org\seleniumhq\selenium\selenium-api\3.141.59\selenium-api-3.141.59.jar;C:\Users\Prefme_Matrix\.m2\repository\org\seleniumhq\selenium\selenium-chrome-driver\3.141.59\selenium-chrome-driver-3.141.59.jar;C:\Users\Prefme_Matrix\.m2\repository\org\seleniumhq\selenium\selenium-edge-driver\3.141.59\selenium-edge-driver-3.141.59.jar;C:\Users\Prefme_Matrix\.m2\repository\org\seleniumhq\selenium\selenium-firefox-driver\3.141.59\selenium-firefox-driver-3.141.59.jar;C:\Users\Prefme_Matrix\.m2\repository\org\seleniumhq\selenium\selenium-ie-driver\3.141.59\selenium-ie-driver-3.141.59.jar;C:\Users\Prefme_Matrix\.m2\repository\org\seleniumhq\selenium\selenium-opera-driver\3.141.59\selenium-opera-driver-3.141.59.jar;C:\Users\Prefme_Matrix\.m2\repository\org\seleniumhq\selenium\selenium-remote-driver\3.141.59\selenium-remote-driver-3.141.59.jar;C:\Users\Prefme_Matrix\.m2\repository\org\seleniumhq\selenium\selenium-safari-driver\3.141.59\selenium-safari-driver-3.141.59.jar;C:\Users\Prefme_Matrix\.m2\repository\org\seleniumhq\selenium\selenium-support\3.141.59\selenium-support-3.141.59.jar;C:\Users\Prefme_Matrix\.m2\repository\net\bytebuddy\byte-buddy\1.8.15\byte-buddy-1.8.15.jar;C:\Users\Prefme_Matrix\.m2\repository\org\apache\commons\commons-exec\1.3\commons-exec-1.3.jar;C:\Users\Prefme_Matrix\.m2\repository\com\google\guava\guava\25.0-jre\guava-25.0-jre.jar;C:\Users\Prefme_Matrix\.m2\repository\com\google\code\findbugs\jsr305\1.3.9\jsr305-1.3.9.jar;C:\Users\Prefme_Matrix\.m2\repository\org\checkerframework\checker-compat-qual\2.0.0\checker-compat-qual-2.0.0.jar;C:\Users\Prefme_Matrix\.m2\repository\com\google\errorprone\error_prone_annotations\2.1.3\error_prone_annotations-2.1.3.jar;C:\Users\Prefme_Matrix\.m2\repository\com\google\j2objc\j2objc-an
Launcher Type: SUN_STANDARD

[Global flags]
     intx CICompilerCount                          = 4                                         {product} {ergonomic}
     uint ConcGCThreads                            = 3                                         {product} {ergonomic}
     uint G1ConcRefinementThreads                  = 10                                        {product} {ergonomic}
   size_t G1HeapRegionSize                         = 1048576                                   {product} {ergonomic}
    uintx GCDrainStackTargetSize                   = 64                                        {product} {ergonomic}
   size_t InitialHeapSize                          = 123731968                                 {product} {ergonomic}
   size_t MarkStackSize                            = 4194304                                   {product} {ergonomic}
   size_t MaxHeapSize                              = 1973420032                                {product} {ergonomic}
   size_t MaxNewSize                               = 1183842304                                {product} {ergonomic}
   size_t MinHeapDeltaBytes                        = 1048576                                   {product} {ergonomic}
   size_t MinHeapSize                              = 8388608                                   {product} {ergonomic}
    uintx NonNMethodCodeHeapSize                   = 5839372                                {pd product} {ergonomic}
    uintx NonProfiledCodeHeapSize                  = 122909434                              {pd product} {ergonomic}
    uintx ProfiledCodeHeapSize                     = 122909434                              {pd product} {ergonomic}
    uintx ReservedCodeCacheSize                    = 251658240                              {pd product} {ergonomic}
     bool SegmentedCodeCache                       = true                                      {product} {ergonomic}
   size_t SoftMaxHeapSize                          = 1973420032                             {manageable} {ergonomic}
     bool UseCompressedClassPointers               = true                           {product lp64_product} {ergonomic}
     bool UseCompressedOops                        = true                           {product lp64_product} {ergonomic}
     bool UseG1GC                                  = true                                      {product} {ergonomic}
     bool UseLargePagesIndividualAllocation        = false                                  {pd product} {ergonomic}

Logging:
Log output configuration:
 #0: stdout all=warning uptime,level,tags
 #1: stderr all=off uptime,level,tags

Environment Variables:
JAVA_HOME=C:\Program Files\Java\jdk-16.0.2
PATH=C:\Python310\Scripts\;C:\Python310\;C:\Program Files\Common Files\Oracle\Java\javapath;C:\windows\system32;C:\windows;C:\windows\System32\Wbem;C:\windows\System32\WindowsPowerShell\v1.0\;C:\windows\System32\OpenSSH\;C:\Users\Prefme_Matrix\AppData\Local\Android\Sdk;C:\Program Files\nodejs\;C:\ProgramData\chocolatey\bin;C:\Users\Prefme_Matrix\AppData\Local\Microsoft\WindowsApps;C:\Program Files\JetBrains\IntelliJ IDEA Community Edition 2021.2.1\bin;;C:\Users\Prefme_Matrix\AppData\Local\Android\Sdk;C:\Users\Prefme_Matrix\AppData\Local\Programs\Git\cmd;C:\Users\Prefme_Matrix\AppData\Roaming\npm;C:\Program Files\Java\jdk-16.0.2\bin;C:\Users\Prefme_Matrix\AppData\Local\Android\Sdk\platform-tools;
USERNAME=Prefme_Matrix
OS=Windows_NT
PROCESSOR_IDENTIFIER=AMD64 Family 23 Model 104 Stepping 1, AuthenticAMD



---------------  S Y S T E M  ---------------

OS:
 Windows 10 , 64 bit Build 19041 (10.0.19041.1348)
OS uptime: 3 days 5:59 hours

CPU: total 12 (initial active 12) (12 cores per cpu, 2 threads per core) family 23 model 104 stepping 1 microcode 0x0, cx8, cmov, fxsr, ht, mmx, 3dnowpref, sse, sse2, sse3, ssse3, sse4a, sse4.1, sse4.2, popcnt, lzcnt, tsc, tscinvbit, avx, avx2, aes, clmul, bmi1, bmi2, adx, sha, fma, vzeroupper, clflush, clflushopt

Memory: 4k page, system-wide physical 7521M (375M free)
TotalPageFile size 31073M (AvailPageFile size 70M)
current process WorkingSet (physical memory assigned to process): 215M, peak: 215M
current process commit charge ("private bytes"): 265M, peak: 373M

vm_info: Java HotSpot(TM) 64-Bit Server VM (16.0.2+7-67) for windows-amd64 JRE (16.0.2+7-67), built on Jun  8 2021 23:24:19 by "mach5one" with MS VC++ 16.7 (VS2019)

END.
